#
# There is insufficient memory for the Java Runtime Environment to continue.
# Native memory allocation (mmap) failed to map 251658240 bytes for G1 virtual space
# Possible reasons:
#   The system is out of physical RAM or swap space
#   The process is running with CompressedOops enabled, and the Java Heap may be blocking the growth of the native heap
# Possible solutions:
#   Reduce memory load on the system
#   Increase physical memory or swap space
#   Check if swap backing store is full
#   Decrease Java heap size (-Xmx/-Xms)
#   Decrease number of Java threads
#   Decrease Java thread stack sizes (-Xss)
#   Set larger code cache with -XX:ReservedCodeCacheSize=
#   JVM is running with Zero Based Compressed Oops mode in which the Java heap is
#     placed in the first 32GB address space. The Java Heap base address is the
#     maximum limit for the native heap growth. Please use -XX:HeapBaseMinAddress
#     to set the Java Heap base and to place the Java Heap above 32GB virtual address.
# This output file may be truncated or incomplete.
#
#  Out of Memory Error (os_windows.cpp:3469), pid=33988, tid=42036
#
# JRE version:  (17.0+35) (build )
# Java VM: Java HotSpot(TM) 64-Bit Server VM (17+35-LTS-2724, mixed mode, sharing, tiered, compressed oops, compressed class ptrs, g1 gc, windows-amd64)
# No core dump will be written. Minidumps are not enabled by default on client versions of Windows
#

---------------  S U M M A R Y ------------

Command Line: -Dfile.encoding=UTF-8 -XX:+ShowCodeDetailsInExceptionMessages Aplicació.Programa

Host: AMD Ryzen 7 3700U with Radeon Vega Mobile Gfx  , 8 cores, 14G,  Windows 10 , 64 bit Build 22000 (10.0.22000.318)
Time: Sun Jan  9 21:19:14 2022 Hora estándar romance elapsed time: 0.021690 seconds (0d 0h 0m 0s)

---------------  T H R E A D  ---------------

Current thread (0x00000281b11d18d0):  JavaThread "Unknown thread" [_thread_in_vm, id=42036, stack(0x000000a278100000,0x000000a278200000)]

Stack: [0x000000a278100000,0x000000a278200000]
Native frames: (J=compiled Java code, j=interpreted, Vv=VM code, C=native code)
V  [jvm.dll+0x66f8ea]
V  [jvm.dll+0x7ce224]
V  [jvm.dll+0x7cf9ce]
V  [jvm.dll+0x7d0033]
V  [jvm.dll+0x242bb5]
V  [jvm.dll+0x66c909]
V  [jvm.dll+0x6613d2]
V  [jvm.dll+0x30082b]
V  [jvm.dll+0x307db6]
V  [jvm.dll+0x357a0e]
V  [jvm.dll+0x357c3f]
V  [jvm.dll+0x2d7ae8]
V  [jvm.dll+0x2d8a54]
V  [jvm.dll+0x7a00a1]
V  [jvm.dll+0x365781]
V  [jvm.dll+0x77f59c]
V  [jvm.dll+0x3e805f]
V  [jvm.dll+0x3e9b01]
C  [jli.dll+0x527b]
C  [ucrtbase.dll+0x26c0c]
C  [KERNEL32.DLL+0x154e0]
C  [ntdll.dll+0x485b]


---------------  P R O C E S S  ---------------

Threads class SMR info:
_java_thread_list=0x00007ffab0c97818, length=0, elements={
}

Java Threads: ( => current thread )

Other Threads:
  0x00000281b121bea0 GCTaskThread "GC Thread#0" [stack: 0x000000a278200000,0x000000a278300000] [id=23348]
  0x00000281b122c390 ConcurrentGCThread "G1 Main Marker" [stack: 0x000000a278300000,0x000000a278400000] [id=40092]
  0x00000281b122cca0 ConcurrentGCThread "G1 Conc#0" [stack: 0x000000a278400000,0x000000a278500000] [id=42904]

[error occurred during error reporting (printing all threads), id 0xc0000005, EXCEPTION_ACCESS_VIOLATION (0xc0000005) at pc=0x00007ffab04e84c7]

VM state: not at safepoint (not fully initialized)

VM Mutex/Monitor currently owned by a thread:  ([mutex/lock_event])
[0x00000281b11ca250] Heap_lock - owner thread: 0x00000281b11d18d0

Heap address: 0x0000000710e00000, size: 3826 MB, Compressed Oops mode: Zero based, Oop shift amount: 3

CDS archive(s) mapped at: [0x0000000000000000-0x0000000000000000-0x0000000000000000), size 0, SharedBaseAddress: 0x0000000800000000, ArchiveRelocationMode: 0.
Narrow klass base: 0x0000000000000000, Narrow klass shift: 0, Narrow klass range: 0x0

GC Precious Log:
<Empty>

Heap:
 garbage-first heap   total 0K, used 0K [0x0000000710e00000, 0x0000000800000000)
  region size 2048K, 0 young (0K), 0 survivors (0K)

[error occurred during error reporting (printing heap information), id 0xc0000005, EXCEPTION_ACCESS_VIOLATION (0xc0000005) at pc=0x00007ffab08c8c59]

GC Heap History (0 events):
No events

Deoptimization events (0 events):
No events

Classes unloaded (0 events):
No events

Classes redefined (0 events):
No events

Internal exceptions (0 events):
No events

VM Operations (0 events):
No events

Events (1 events):
Event: 0.015 Loaded shared library D:\Archivos de Programa\Java\bin\java.dll


Dynamic libraries:
0x00007ff6326d0000 - 0x00007ff6326e0000 	D:\Archivos de Programa\Java\bin\javaw.exe
0x00007ffb4c100000 - 0x00007ffb4c307000 	C:\Windows\SYSTEM32\ntdll.dll
0x00007ffb4a9a0000 - 0x00007ffb4aa5d000 	C:\Windows\System32\KERNEL32.DLL
0x00007ffb49b60000 - 0x00007ffb49ed4000 	C:\Windows\System32\KERNELBASE.dll
0x00007ffb466a0000 - 0x00007ffb46731000 	C:\Windows\SYSTEM32\apphelp.dll
0x00007ffb498e0000 - 0x00007ffb499f1000 	C:\Windows\System32\ucrtbase.dll
0x00007ffb26650000 - 0x00007ffb26668000 	D:\Archivos de Programa\Java\bin\jli.dll
0x00007ffb36e80000 - 0x00007ffb36e9a000 	D:\Archivos de Programa\Java\bin\VCRUNTIME140.dll
0x00007ffb4b5d0000 - 0x00007ffb4b67c000 	C:\Windows\System32\ADVAPI32.dll
0x00007ffb4be10000 - 0x00007ffb4beb3000 	C:\Windows\System32\msvcrt.dll
0x00007ffb4b530000 - 0x00007ffb4b5cd000 	C:\Windows\System32\sechost.dll
0x00007ffb4a410000 - 0x00007ffb4a531000 	C:\Windows\System32\RPCRT4.dll
0x00007ffb4bbd0000 - 0x00007ffb4bd7c000 	C:\Windows\System32\USER32.dll
0x00007ffb49ee0000 - 0x00007ffb49f06000 	C:\Windows\System32\win32u.dll
0x00007ffb4bd80000 - 0x00007ffb4bda9000 	C:\Windows\System32\GDI32.dll
0x00007ffb38b70000 - 0x00007ffb38e15000 	C:\Windows\WinSxS\amd64_microsoft.windows.common-controls_6595b64144ccf1df_6.0.22000.120_none_9d947278b86cc467\COMCTL32.dll
0x00007ffb495e0000 - 0x00007ffb496f2000 	C:\Windows\System32\gdi32full.dll
0x00007ffb49a00000 - 0x00007ffb49a9d000 	C:\Windows\System32\msvcp_win.dll
0x00007ffb420b0000 - 0x00007ffb420ba000 	C:\Windows\SYSTEM32\VERSION.dll
0x00007ffb4a5f0000 - 0x00007ffb4a621000 	C:\Windows\System32\IMM32.DLL
0x00007ffb36f20000 - 0x00007ffb36f2c000 	D:\Archivos de Programa\Java\bin\vcruntime140_1.dll
0x00007ffb19ea0000 - 0x00007ffb19f2d000 	D:\Archivos de Programa\Java\bin\msvcp140.dll
0x00007ffab0200000 - 0x00007ffab0dbe000 	D:\Archivos de Programa\Java\bin\server\jvm.dll
0x00007ffb4bf50000 - 0x00007ffb4bf58000 	C:\Windows\System32\PSAPI.DLL
0x00007ffb2cf90000 - 0x00007ffb2cf99000 	C:\Windows\SYSTEM32\WSOCK32.dll
0x00007ffb41f90000 - 0x00007ffb41fc3000 	C:\Windows\SYSTEM32\WINMM.dll
0x00007ffb4bf60000 - 0x00007ffb4bfcf000 	C:\Windows\System32\WS2_32.dll
0x00007ffb48700000 - 0x00007ffb48718000 	C:\Windows\SYSTEM32\kernel.appcore.dll
0x00007ffb44c60000 - 0x00007ffb44c6a000 	D:\Archivos de Programa\Java\bin\jimage.dll
0x00007ffb47260000 - 0x00007ffb47481000 	C:\Windows\SYSTEM32\DBGHELP.DLL
0x00007ffb30630000 - 0x00007ffb30661000 	C:\Windows\SYSTEM32\dbgcore.DLL
0x00007ffb49f10000 - 0x00007ffb49f8f000 	C:\Windows\System32\bcryptPrimitives.dll
0x00007ffb3a950000 - 0x00007ffb3a975000 	D:\Archivos de Programa\Java\bin\java.dll

dbghelp: loaded successfully - version: 4.0.5 - missing functions: none
symbol engine: initialized successfully - sym options: 0x614 - pdb path: .;D:\Archivos de Programa\Java\bin;C:\Windows\SYSTEM32;C:\Windows\WinSxS\amd64_microsoft.windows.common-controls_6595b64144ccf1df_6.0.22000.120_none_9d947278b86cc467;D:\Archivos de Programa\Java\bin\server

VM Arguments:
jvm_args: -Dfile.encoding=UTF-8 -XX:+ShowCodeDetailsInExceptionMessages 
java_command: Aplicació.Programa
java_class_path (initial): D:\Prac3\bin
Launcher Type: SUN_STANDARD

[Global flags]
     intx CICompilerCount                          = 4                                         {product} {ergonomic}
     uint ConcGCThreads                            = 2                                         {product} {ergonomic}
     uint G1ConcRefinementThreads                  = 8                                         {product} {ergonomic}
   size_t G1HeapRegionSize                         = 2097152                                   {product} {ergonomic}
    uintx GCDrainStackTargetSize                   = 64                                        {product} {ergonomic}
   size_t InitialHeapSize                          = 251658240                                 {product} {ergonomic}
   size_t MarkStackSize                            = 4194304                                   {product} {ergonomic}
   size_t MaxHeapSize                              = 4011851776                                {product} {ergonomic}
   size_t MinHeapDeltaBytes                        = 2097152                                   {product} {ergonomic}
   size_t MinHeapSize                              = 8388608                                   {product} {ergonomic}
    uintx NonNMethodCodeHeapSize                   = 5839372                                {pd product} {ergonomic}
    uintx NonProfiledCodeHeapSize                  = 122909434                              {pd product} {ergonomic}
    uintx ProfiledCodeHeapSize                     = 122909434                              {pd product} {ergonomic}
    uintx ReservedCodeCacheSize                    = 251658240                              {pd product} {ergonomic}
     bool SegmentedCodeCache                       = true                                      {product} {ergonomic}
     bool ShowCodeDetailsInExceptionMessages       = true                                   {manageable} {command line}
   size_t SoftMaxHeapSize                          = 4011851776                             {manageable} {ergonomic}
     bool UseCompressedClassPointers               = true                           {product lp64_product} {ergonomic}
     bool UseCompressedOops                        = true                           {product lp64_product} {ergonomic}
     bool UseG1GC                                  = true                                      {product} {ergonomic}
     bool UseLargePagesIndividualAllocation        = false                                  {pd product} {ergonomic}

Logging:
Log output configuration:
 #0: stdout all=warning uptime,level,tags
 #1: stderr all=off uptime,level,tags

Environment Variables:
PATH=D:/Archivos de Programa/Java/bin/server;D:/Archivos de Programa/Java/bin;C:\Program Files\Common Files\Oracle\Java\javapath;C:\URV\bmde\msys\bin;C:\URV\bmde\devkitPro\devkitARM\bin;C:\URV\bmde\devkitPro\insight\bin;C:\Windows\system32;C:\Windows;C:\Windows\System32\Wbem;C:\Windows\System32\WindowsPowerShell\v1.0\;C:\Windows\System32\OpenSSH\;D:\Archivos de Programa\Java\bin;C:\Program Files\Git\cmd;C:\Program Files\OpenSSH\bin;C:\Users\carli\AppData\Local\Microsoft\WindowsApps;D:\Archivos de Programa\IntelliJ IDEA Community Edition 2021.2.2\bin;;D:\Archivos de Programa\Visual Studio Code\Microsoft VS Code\bin;C:\Users\carli\AppData\Local\GitHubDesktop\bin;C:\ProgramData\Carlos\GitHubDesktop\bin;C:\Users\carli\Desktop;
USERNAME=Carlos
OS=Windows_NT
PROCESSOR_IDENTIFIER=AMD64 Family 23 Model 24 Stepping 1, AuthenticAMD



---------------  S Y S T E M  ---------------

OS:
 Windows 10 , 64 bit Build 22000 (10.0.22000.318)
OS uptime: 11 days 5:42 hours

CPU: total 8 (initial active 8) (8 cores per cpu, 2 threads per core) family 23 model 24 stepping 1 microcode 0x0, cx8, cmov, fxsr, ht, mmx, 3dnowpref, sse, sse2, sse3, ssse3, sse4a, sse4.1, sse4.2, popcnt, lzcnt, tsc, tscinvbit, avx, avx2, aes, clmul, bmi1, bmi2, adx, sha, fma, vzeroupper, clflush, clflushopt

Memory: 4k page, system-wide physical 15297M (4484M free)
TotalPageFile size 30657M (AvailPageFile size 123M)
current process WorkingSet (physical memory assigned to process): 11M, peak: 11M
current process commit charge ("private bytes"): 60M, peak: 300M

vm_info: Java HotSpot(TM) 64-Bit Server VM (17+35-LTS-2724) for windows-amd64 JRE (17+35-LTS-2724), built on Aug  5 2021 23:28:28 by "mach5one" with MS VC++ 16.8 (VS2019)

END.
